<?xml version="1.0" encoding="UTF-8"?>
<!-- Generated by org.testng.reporters.JUnitXMLReporter -->
<testsuite ignored="2" hostname="DESKTOP-ERMO56R" failures="1" tests="2" name="CRMPRO Feature Testing" time="6.838" errors="0" timestamp="07 Jul 2020 03:08:58 GMT">
  <testcase classname="com.mytest.LoginPageTest" name="getTitleTest" time="0.012"/>
  <testcase classname="com.mytest.HomePageTest" name="getPageTitle" time="0.003">
    <failure type="java.lang.NullPointerException">
      <![CDATA[java.lang.NullPointerException
at com.mytest.HomePageTest.doLogin(HomePageTest.java:17)
at com.mytest.HomePageTest.getPageTitle(HomePageTest.java:11)
... Removed 25 stack frames]]>
    </failure>
  </testcase> <!-- getPageTitle -->
  <testcase classname="com.mytest.BaseTest" name="@AfterTest tearDown" time="0.0">
    <ignored/>
  </testcase> <!-- @AfterTest tearDown -->
  <testcase classname="com.mytest.BaseTest" name="@BeforeTest setup" time="0.0">
    <ignored/>
  </testcase> <!-- @BeforeTest setup -->
</testsuite> <!-- CRMPRO Feature Testing -->
