<?xml version="1.0" encoding="UTF-8"?>
<testng-results ignored="0" total="4" passed="4" failed="0" skipped="0">
  <reporter-output>
  </reporter-output>
  <suite started-at="2020-07-07T11:40:35Z" name="CRMPRO Test automtion regression suite" finished-at="2020-07-07T11:40:58Z" duration-ms="22961">
    <groups>
    </groups>
    <test started-at="2020-07-07T11:40:35Z" name="CRMPRO Login Testing chrome" finished-at="2020-07-07T11:40:52Z" duration-ms="16221">
      <class name="com.mytest.LoginPageTest">
        <test-method is-config="true" signature="setup(java.lang.String)[pri:0, instance:com.mytest.LoginPageTest@5db45159]" started-at="2020-07-07T11:40:35Z" name="setup" finished-at="2020-07-07T11:40:44Z" duration-ms="8267" status="PASS">
          <params>
            <param index="0">
              <value>
                <![CDATA[chrome]]>
              </value>
            </param>
          </params>
          <reporter-output>
          </reporter-output>
        </test-method> <!-- setup -->
        <test-method signature="getTitleTest()[pri:0, instance:com.mytest.LoginPageTest@5db45159]" started-at="2020-07-07T11:40:44Z" name="getTitleTest" finished-at="2020-07-07T11:40:44Z" duration-ms="14" status="PASS">
          <reporter-output>
          </reporter-output>
        </test-method> <!-- getTitleTest -->
        <test-method is-config="true" signature="tearDown()[pri:0, instance:com.mytest.LoginPageTest@5db45159]" started-at="2020-07-07T11:40:44Z" name="tearDown" finished-at="2020-07-07T11:40:44Z" duration-ms="684" status="PASS">
          <reporter-output>
          </reporter-output>
        </test-method> <!-- tearDown -->
      </class> <!-- com.mytest.LoginPageTest -->
      <class name="com.mytest.HomePageTest">
        <test-method is-config="true" signature="setup(java.lang.String)[pri:0, instance:com.mytest.HomePageTest@6107227e]" started-at="2020-07-07T11:40:44Z" name="setup" finished-at="2020-07-07T11:40:50Z" duration-ms="5934" status="PASS">
          <params>
            <param index="0">
              <value>
                <![CDATA[chrome]]>
              </value>
            </param>
          </params>
          <reporter-output>
          </reporter-output>
        </test-method> <!-- setup -->
        <test-method signature="getPageTitle()[pri:0, instance:com.mytest.HomePageTest@6107227e]" started-at="2020-07-07T11:40:50Z" name="getPageTitle" finished-at="2020-07-07T11:40:51Z" duration-ms="488" status="PASS">
          <reporter-output>
          </reporter-output>
        </test-method> <!-- getPageTitle -->
        <test-method is-config="true" signature="tearDown()[pri:0, instance:com.mytest.HomePageTest@6107227e]" started-at="2020-07-07T11:40:51Z" name="tearDown" finished-at="2020-07-07T11:40:52Z" duration-ms="804" status="PASS">
          <reporter-output>
          </reporter-output>
        </test-method> <!-- tearDown -->
      </class> <!-- com.mytest.HomePageTest -->
    </test> <!-- CRMPRO Login Testing chrome -->
    <test started-at="2020-07-07T11:40:35Z" name="CRMPRO HomePage Testing firefox" finished-at="2020-07-07T11:40:58Z" duration-ms="22960">
      <class name="com.mytest.LoginPageTest">
        <test-method is-config="true" signature="setup(java.lang.String)[pri:0, instance:com.mytest.LoginPageTest@5a955565]" started-at="2020-07-07T11:40:35Z" name="setup" finished-at="2020-07-07T11:40:46Z" duration-ms="10339" status="PASS">
          <params>
            <param index="0">
              <value>
                <![CDATA[firefox]]>
              </value>
            </param>
          </params>
          <reporter-output>
          </reporter-output>
        </test-method> <!-- setup -->
        <test-method signature="getTitleTest()[pri:0, instance:com.mytest.LoginPageTest@5a955565]" started-at="2020-07-07T11:40:46Z" name="getTitleTest" finished-at="2020-07-07T11:40:46Z" duration-ms="4" status="PASS">
          <reporter-output>
          </reporter-output>
        </test-method> <!-- getTitleTest -->
        <test-method is-config="true" signature="tearDown()[pri:0, instance:com.mytest.LoginPageTest@5a955565]" started-at="2020-07-07T11:40:46Z" name="tearDown" finished-at="2020-07-07T11:40:49Z" duration-ms="2818" status="PASS">
          <reporter-output>
          </reporter-output>
        </test-method> <!-- tearDown -->
      </class> <!-- com.mytest.LoginPageTest -->
      <class name="com.mytest.HomePageTest">
        <test-method is-config="true" signature="setup(java.lang.String)[pri:0, instance:com.mytest.HomePageTest@6293abcc]" started-at="2020-07-07T11:40:49Z" name="setup" finished-at="2020-07-07T11:40:56Z" duration-ms="7626" status="PASS">
          <params>
            <param index="0">
              <value>
                <![CDATA[firefox]]>
              </value>
            </param>
          </params>
          <reporter-output>
          </reporter-output>
        </test-method> <!-- setup -->
        <test-method signature="getPageTitle()[pri:0, instance:com.mytest.HomePageTest@6293abcc]" started-at="2020-07-07T11:40:56Z" name="getPageTitle" finished-at="2020-07-07T11:40:56Z" duration-ms="239" status="PASS">
          <reporter-output>
          </reporter-output>
        </test-method> <!-- getPageTitle -->
        <test-method is-config="true" signature="tearDown()[pri:0, instance:com.mytest.HomePageTest@6293abcc]" started-at="2020-07-07T11:40:56Z" name="tearDown" finished-at="2020-07-07T11:40:58Z" duration-ms="1907" status="PASS">
          <reporter-output>
          </reporter-output>
        </test-method> <!-- tearDown -->
      </class> <!-- com.mytest.HomePageTest -->
    </test> <!-- CRMPRO HomePage Testing firefox -->
  </suite> <!-- CRMPRO Test automtion regression suite -->
</testng-results>
